2018-07-07 20:39:43.068  INFO 21168 --- [main] com.example.demo.SampleApplication       : Starting SampleApplication on DESKTOP-U5U1KIE with PID 21168 (C:\user\idea\sample-master\target\classes started by 谭振祺 in C:\user\idea\sample-master)
2018-07-07 20:39:43.087  INFO 21168 --- [main] com.example.demo.SampleApplication       : No active profile set, falling back to default profiles: default
2018-07-07 20:39:43.191  INFO 21168 --- [main] ConfigServletWebServerApplicationContext : Refreshing org.springframework.boot.web.servlet.context.AnnotationConfigServletWebServerApplicationContext@36c88a32: startup date [Sat Jul 07 20:39:43 CST 2018]; root of context hierarchy
2018-07-07 20:39:45.642  INFO 21168 --- [main] o.s.b.w.embedded.tomcat.TomcatWebServer  : Tomcat initialized with port(s): 8080 (http)
2018-07-07 20:39:45.696  INFO 21168 --- [main] o.apache.catalina.core.StandardService   : Starting service [Tomcat]
2018-07-07 20:39:45.698  INFO 21168 --- [main] org.apache.catalina.core.StandardEngine  : Starting Servlet Engine: Apache Tomcat/8.5.31
2018-07-07 20:39:45.702  INFO 21168 --- [localhost-startStop-1] o.a.catalina.core.AprLifecycleListener   : The APR based Apache Tomcat Native library which allows optimal performance in production environments was not found on the java.library.path: [C:\Program Files\Java\jdk1.8.0_131\bin;C:\WINDOWS\Sun\Java\bin;C:\WINDOWS\system32;C:\WINDOWS;C:\ProgramData\Oracle\Java\javapath;C:\Program Files (x86)\NVIDIA Corporation\PhysX\Common;C:\oraclexe\app\oracle\product\10.2.0\server\bin;C:\Program Files (x86)\Intel\iCLS Client\;C:\Program Files\Intel\iCLS Client\;C:\WINDOWS\system32;C:\WINDOWS;C:\WINDOWS\System32\Wbem;C:\WINDOWS\System32\WindowsPowerShell\v1.0\;C:\Program Files (x86)\Intel\Intel(R) Management Engine Components\DAL;C:\Program Files\Intel\Intel(R) Management Engine Components\DAL;C:\Program Files (x86)\Intel\Intel(R) Management Engine Components\IPT;C:\Program Files\Intel\Intel(R) Management Engine Components\IPT;C:\Program Files (x86)\ATI Technologies\ATI.ACE\Core-Static;C:\Program Files\Intel\WiFi\bin\;C:\Program Files\Common Files\Intel\WirelessCommon\;C:\Program Files\Git\cmd;"%M2_HOME%\bin;";"%MYSQL_HOME%\bin;";C:\apache-maven-3.5.4\bin;;.]
2018-07-07 20:39:45.852  INFO 21168 --- [localhost-startStop-1] o.a.c.c.C.[Tomcat].[localhost].[/]       : Initializing Spring embedded WebApplicationContext
2018-07-07 20:39:45.852  INFO 21168 --- [localhost-startStop-1] o.s.web.context.ContextLoader            : Root WebApplicationContext: initialization completed in 2661 ms
2018-07-07 20:39:46.053  INFO 21168 --- [localhost-startStop-1] o.s.b.w.servlet.ServletRegistrationBean  : Servlet dispatcherServlet mapped to [/]
2018-07-07 20:39:46.053  INFO 21168 --- [localhost-startStop-1] o.s.b.w.servlet.FilterRegistrationBean   : Mapping filter: 'characterEncodingFilter' to: [/*]
2018-07-07 20:39:46.053  INFO 21168 --- [localhost-startStop-1] o.s.b.w.servlet.FilterRegistrationBean   : Mapping filter: 'hiddenHttpMethodFilter' to: [/*]
2018-07-07 20:39:46.053  INFO 21168 --- [localhost-startStop-1] o.s.b.w.servlet.FilterRegistrationBean   : Mapping filter: 'httpPutFormContentFilter' to: [/*]
2018-07-07 20:39:46.053  INFO 21168 --- [localhost-startStop-1] o.s.b.w.servlet.FilterRegistrationBean   : Mapping filter: 'requestContextFilter' to: [/*]
2018-07-07 20:39:46.403  INFO 21168 --- [main] o.s.w.s.handler.SimpleUrlHandlerMapping  : Mapped URL path [/**/favicon.ico] onto handler of type [class org.springframework.web.servlet.resource.ResourceHttpRequestHandler]
2018-07-07 20:39:46.653  INFO 21168 --- [main] s.w.s.m.m.a.RequestMappingHandlerAdapter : Looking for @ControllerAdvice: org.springframework.boot.web.servlet.context.AnnotationConfigServletWebServerApplicationContext@36c88a32: startup date [Sat Jul 07 20:39:43 CST 2018]; root of context hierarchy
2018-07-07 20:39:46.713  INFO 21168 --- [main] s.w.s.m.m.a.RequestMappingHandlerMapping : Mapped "{[/stu/register],methods=[GET]}" onto public java.lang.String com.example.demo.controller.StudentController.register(javax.servlet.http.HttpServletRequest)
2018-07-07 20:39:46.723  INFO 21168 --- [main] s.w.s.m.m.a.RequestMappingHandlerMapping : Mapped "{[/stu/getAllStudent],methods=[GET]}" onto public java.lang.String com.example.demo.controller.StudentController.getAllStudent(javax.servlet.http.HttpServletRequest)
2018-07-07 20:39:46.723  INFO 21168 --- [main] s.w.s.m.m.a.RequestMappingHandlerMapping : Mapped "{[/stu/login],methods=[GET]}" onto public java.lang.String com.example.demo.controller.StudentController.login(javax.servlet.http.HttpServletRequest)
2018-07-07 20:39:46.723  INFO 21168 --- [main] s.w.s.m.m.a.RequestMappingHandlerMapping : Mapped "{[/error]}" onto public org.springframework.http.ResponseEntity<java.util.Map<java.lang.String, java.lang.Object>> org.springframework.boot.autoconfigure.web.servlet.error.BasicErrorController.error(javax.servlet.http.HttpServletRequest)
2018-07-07 20:39:46.723  INFO 21168 --- [main] s.w.s.m.m.a.RequestMappingHandlerMapping : Mapped "{[/error],produces=[text/html]}" onto public org.springframework.web.servlet.ModelAndView org.springframework.boot.autoconfigure.web.servlet.error.BasicErrorController.errorHtml(javax.servlet.http.HttpServletRequest,javax.servlet.http.HttpServletResponse)
2018-07-07 20:39:46.753  INFO 21168 --- [main] o.s.w.s.handler.SimpleUrlHandlerMapping  : Mapped URL path [/webjars/**] onto handler of type [class org.springframework.web.servlet.resource.ResourceHttpRequestHandler]
2018-07-07 20:39:46.753  INFO 21168 --- [main] o.s.w.s.handler.SimpleUrlHandlerMapping  : Mapped URL path [/**] onto handler of type [class org.springframework.web.servlet.resource.ResourceHttpRequestHandler]
2018-07-07 20:39:46.853  WARN 21168 --- [main] org.thymeleaf.templatemode.TemplateMode  : [THYMELEAF][main] Template Mode 'LEGACYHTML5' is deprecated. Using Template Mode 'HTML' instead.
2018-07-07 20:39:47.373  INFO 21168 --- [main] o.s.j.e.a.AnnotationMBeanExporter        : Registering beans for JMX exposure on startup
2018-07-07 20:39:47.373  INFO 21168 --- [main] o.s.j.e.a.AnnotationMBeanExporter        : Bean with name 'dataSource' has been autodetected for JMX exposure
2018-07-07 20:39:47.383  INFO 21168 --- [main] o.s.j.e.a.AnnotationMBeanExporter        : Located MBean 'dataSource': registering with JMX server as MBean [com.zaxxer.hikari:name=dataSource,type=HikariDataSource]
2018-07-07 20:39:47.433  INFO 21168 --- [main] o.s.b.w.embedded.tomcat.TomcatWebServer  : Tomcat started on port(s): 8080 (http) with context path ''
2018-07-07 20:39:47.443  INFO 21168 --- [main] com.example.demo.SampleApplication       : Started SampleApplication in 5.463 seconds (JVM running for 8.26)
2018-07-07 20:57:51.405  INFO 83152 --- [main] com.example.demo.SampleApplication       : Starting SampleApplication on DESKTOP-U5U1KIE with PID 83152 (C:\user\idea\sample-master\target\classes started by 谭振祺 in C:\user\idea\sample-master)
2018-07-07 20:57:51.411  INFO 83152 --- [main] com.example.demo.SampleApplication       : No active profile set, falling back to default profiles: default
2018-07-07 20:57:51.543  INFO 83152 --- [main] ConfigServletWebServerApplicationContext : Refreshing org.springframework.boot.web.servlet.context.AnnotationConfigServletWebServerApplicationContext@7f552bd3: startup date [Sat Jul 07 20:57:51 CST 2018]; root of context hierarchy
2018-07-07 20:57:53.898  INFO 83152 --- [main] o.s.b.w.embedded.tomcat.TomcatWebServer  : Tomcat initialized with port(s): 8080 (http)
2018-07-07 20:57:53.938  INFO 83152 --- [main] o.apache.catalina.core.StandardService   : Starting service [Tomcat]
2018-07-07 20:57:53.938  INFO 83152 --- [main] org.apache.catalina.core.StandardEngine  : Starting Servlet Engine: Apache Tomcat/8.5.31
2018-07-07 20:57:53.948  INFO 83152 --- [localhost-startStop-1] o.a.catalina.core.AprLifecycleListener   : The APR based Apache Tomcat Native library which allows optimal performance in production environments was not found on the java.library.path: [C:\Program Files\Java\jdk1.8.0_131\bin;C:\WINDOWS\Sun\Java\bin;C:\WINDOWS\system32;C:\WINDOWS;C:\ProgramData\Oracle\Java\javapath;C:\Program Files (x86)\NVIDIA Corporation\PhysX\Common;C:\oraclexe\app\oracle\product\10.2.0\server\bin;C:\Program Files (x86)\Intel\iCLS Client\;C:\Program Files\Intel\iCLS Client\;C:\WINDOWS\system32;C:\WINDOWS;C:\WINDOWS\System32\Wbem;C:\WINDOWS\System32\WindowsPowerShell\v1.0\;C:\Program Files (x86)\Intel\Intel(R) Management Engine Components\DAL;C:\Program Files\Intel\Intel(R) Management Engine Components\DAL;C:\Program Files (x86)\Intel\Intel(R) Management Engine Components\IPT;C:\Program Files\Intel\Intel(R) Management Engine Components\IPT;C:\Program Files (x86)\ATI Technologies\ATI.ACE\Core-Static;C:\Program Files\Intel\WiFi\bin\;C:\Program Files\Common Files\Intel\WirelessCommon\;C:\Program Files\Git\cmd;"%M2_HOME%\bin;";"%MYSQL_HOME%\bin;";C:\apache-maven-3.5.4\bin;;.]
2018-07-07 20:57:54.118  INFO 83152 --- [localhost-startStop-1] o.a.c.c.C.[Tomcat].[localhost].[/]       : Initializing Spring embedded WebApplicationContext
2018-07-07 20:57:54.118  INFO 83152 --- [localhost-startStop-1] o.s.web.context.ContextLoader            : Root WebApplicationContext: initialization completed in 2576 ms
2018-07-07 20:57:54.318  INFO 83152 --- [localhost-startStop-1] o.s.b.w.servlet.ServletRegistrationBean  : Servlet dispatcherServlet mapped to [/]
2018-07-07 20:57:54.328  INFO 83152 --- [localhost-startStop-1] o.s.b.w.servlet.FilterRegistrationBean   : Mapping filter: 'characterEncodingFilter' to: [/*]
2018-07-07 20:57:54.328  INFO 83152 --- [localhost-startStop-1] o.s.b.w.servlet.FilterRegistrationBean   : Mapping filter: 'hiddenHttpMethodFilter' to: [/*]
2018-07-07 20:57:54.328  INFO 83152 --- [localhost-startStop-1] o.s.b.w.servlet.FilterRegistrationBean   : Mapping filter: 'httpPutFormContentFilter' to: [/*]
2018-07-07 20:57:54.328  INFO 83152 --- [localhost-startStop-1] o.s.b.w.servlet.FilterRegistrationBean   : Mapping filter: 'requestContextFilter' to: [/*]
2018-07-07 20:57:54.779  INFO 83152 --- [main] o.s.w.s.handler.SimpleUrlHandlerMapping  : Mapped URL path [/**/favicon.ico] onto handler of type [class org.springframework.web.servlet.resource.ResourceHttpRequestHandler]
2018-07-07 20:57:55.129  INFO 83152 --- [main] s.w.s.m.m.a.RequestMappingHandlerAdapter : Looking for @ControllerAdvice: org.springframework.boot.web.servlet.context.AnnotationConfigServletWebServerApplicationContext@7f552bd3: startup date [Sat Jul 07 20:57:51 CST 2018]; root of context hierarchy
2018-07-07 20:57:55.219  INFO 83152 --- [main] s.w.s.m.m.a.RequestMappingHandlerMapping : Mapped "{[/stu/register],methods=[GET]}" onto public java.lang.String com.example.demo.controller.StudentController.register(javax.servlet.http.HttpServletRequest)
2018-07-07 20:57:55.219  INFO 83152 --- [main] s.w.s.m.m.a.RequestMappingHandlerMapping : Mapped "{[/stu/login],methods=[GET]}" onto public java.lang.String com.example.demo.controller.StudentController.login(javax.servlet.http.HttpServletRequest)
2018-07-07 20:57:55.219  INFO 83152 --- [main] s.w.s.m.m.a.RequestMappingHandlerMapping : Mapped "{[/stu/getAllStudent],methods=[GET]}" onto public java.lang.String com.example.demo.controller.StudentController.getAllStudent(javax.servlet.http.HttpServletRequest)
2018-07-07 20:57:55.219  INFO 83152 --- [main] s.w.s.m.m.a.RequestMappingHandlerMapping : Mapped "{[/error]}" onto public org.springframework.http.ResponseEntity<java.util.Map<java.lang.String, java.lang.Object>> org.springframework.boot.autoconfigure.web.servlet.error.BasicErrorController.error(javax.servlet.http.HttpServletRequest)
2018-07-07 20:57:55.229  INFO 83152 --- [main] s.w.s.m.m.a.RequestMappingHandlerMapping : Mapped "{[/error],produces=[text/html]}" onto public org.springframework.web.servlet.ModelAndView org.springframework.boot.autoconfigure.web.servlet.error.BasicErrorController.errorHtml(javax.servlet.http.HttpServletRequest,javax.servlet.http.HttpServletResponse)
2018-07-07 20:57:55.269  INFO 83152 --- [main] o.s.w.s.handler.SimpleUrlHandlerMapping  : Mapped URL path [/webjars/**] onto handler of type [class org.springframework.web.servlet.resource.ResourceHttpRequestHandler]
2018-07-07 20:57:55.269  INFO 83152 --- [main] o.s.w.s.handler.SimpleUrlHandlerMapping  : Mapped URL path [/**] onto handler of type [class org.springframework.web.servlet.resource.ResourceHttpRequestHandler]
2018-07-07 20:57:55.339  WARN 83152 --- [main] org.thymeleaf.templatemode.TemplateMode  : [THYMELEAF][main] Template Mode 'LEGACYHTML5' is deprecated. Using Template Mode 'HTML' instead.
2018-07-07 20:57:55.739  INFO 83152 --- [main] o.s.j.e.a.AnnotationMBeanExporter        : Registering beans for JMX exposure on startup
2018-07-07 20:57:55.739  INFO 83152 --- [main] o.s.j.e.a.AnnotationMBeanExporter        : Bean with name 'dataSource' has been autodetected for JMX exposure
2018-07-07 20:57:55.749  INFO 83152 --- [main] o.s.j.e.a.AnnotationMBeanExporter        : Located MBean 'dataSource': registering with JMX server as MBean [com.zaxxer.hikari:name=dataSource,type=HikariDataSource]
2018-07-07 20:57:55.799  INFO 83152 --- [main] o.s.b.w.embedded.tomcat.TomcatWebServer  : Tomcat started on port(s): 8080 (http) with context path ''
2018-07-07 20:57:55.799  INFO 83152 --- [main] com.example.demo.SampleApplication       : Started SampleApplication in 5.253 seconds (JVM running for 6.731)
2018-07-07 20:59:11.305  INFO 83152 --- [http-nio-8080-exec-1] o.a.c.c.C.[Tomcat].[localhost].[/]       : Initializing Spring FrameworkServlet 'dispatcherServlet'
2018-07-07 20:59:11.305  INFO 83152 --- [http-nio-8080-exec-1] o.s.web.servlet.DispatcherServlet        : FrameworkServlet 'dispatcherServlet': initialization started
2018-07-07 20:59:11.335  INFO 83152 --- [http-nio-8080-exec-1] o.s.web.servlet.DispatcherServlet        : FrameworkServlet 'dispatcherServlet': initialization completed in 30 ms
2018-07-07 20:59:19.319  INFO 83152 --- [http-nio-8080-exec-2] com.zaxxer.hikari.HikariDataSource       : HikariPool-1 - Starting...
2018-07-07 20:59:19.485  INFO 83152 --- [http-nio-8080-exec-2] com.zaxxer.hikari.HikariDataSource       : HikariPool-1 - Start completed.
